Info: Nothing to build for ABM_GENERICO
Info: Nothing to build for ABM_GENERICO
01:26:15 **** Incremental Build of configuration Debug for project ABM_GENERICO ****
Info: Internal Builder is used for build
gcc -O0 -g3 -Wall -c -fmessage-length=0 -o "src\\ABM_GENERICO.o" "..\\src\\ABM_GENERICO.c" 
gcc -o ABM_GENERICO.exe "src\\ABM_GENERICO.o" "src\\Inputs.o" "src\\gen_Abm.o" 
d:/software/mingw/bin/../lib/gcc/mingw32/6.3.0/../../../../mingw32/bin/ld.exe: cannot open output file ABM_GENERICO.exe: Permission denied
collect2.exe: error: ld returned 1 exit status
01:26:19 **** Incremental Build of configuration Debug for project ABM_GENERICO ****
Info: Internal Builder is used for build
gcc -o ABM_GENERICO.exe "src\\ABM_GENERICO.o" "src\\Inputs.o" "src\\gen_Abm.o" 
Info: Nothing to build for ABM_GENERICO
01:27:20 **** Incremental Build of configuration Debug for project ABM_GENERICO ****
Info: Internal Builder is used for build
gcc -O0 -g3 -Wall -c -fmessage-length=0 -o "src\\gen_Abm.o" "..\\src\\gen_Abm.c" 
..\src\gen_Abm.c: In function 'abm_MostrarUnGenerico':
..\src\gen_Abm.c:59:16: warning: format '%d' expects a matching 'int' argument [-Wformat=]
  printf("\nt> %d %s %s");
                ^
..\src\gen_Abm.c:59:19: warning: format '%s' expects a matching 'char *' argument [-Wformat=]
  printf("\nt> %d %s %s");
                   ^
..\src\gen_Abm.c:59:22: warning: format '%s' expects a matching 'char *' argument [-Wformat=]
  printf("\nt> %d %s %s");
                      ^
gcc -o ABM_GENERICO.exe "src\\ABM_GENERICO.o" "src\\Inputs.o" "src\\gen_Abm.o" 
01:30:03 **** Incremental Build of configuration Debug for project ABM_GENERICO ****
Info: Internal Builder is used for build
gcc -O0 -g3 -Wall -c -fmessage-length=0 -o "src\\gen_Abm.o" "..\\src\\gen_Abm.c" 
gcc -o ABM_GENERICO.exe "src\\ABM_GENERICO.o" "src\\Inputs.o" "src\\gen_Abm.o" 
Info: Nothing to build for ABM_GENERICO
01:31:03 **** Incremental Build of configuration Debug for project ABM_GENERICO ****
Info: Internal Builder is used for build
gcc -O0 -g3 -Wall -c -fmessage-length=0 -o "src\\gen_Abm.o" "..\\src\\gen_Abm.c" 
gcc -o ABM_GENERICO.exe "src\\ABM_GENERICO.o" "src\\Inputs.o" "src\\gen_Abm.o" 
Info: Nothing to build for ABM_GENERICO
01:31:55 **** Incremental Build of configuration Debug for project ABM_GENERICO ****
Info: Internal Builder is used for build
gcc -O0 -g3 -Wall -c -fmessage-length=0 -o "src\\gen_Abm.o" "..\\src\\gen_Abm.c" 
gcc -o ABM_GENERICO.exe "src\\ABM_GENERICO.o" "src\\Inputs.o" "src\\gen_Abm.o" 
Info: Nothing to build for ABM_GENERICO
01:35:10 **** Incremental Build of configuration Debug for project ABM_GENERICO ****
Info: Internal Builder is used for build
gcc -O0 -g3 -Wall -c -fmessage-length=0 -o "src\\ABM_GENERICO.o" "..\\src\\ABM_GENERICO.c" 
gcc -O0 -g3 -Wall -c -fmessage-length=0 -o "src\\gen_Abm.o" "..\\src\\gen_Abm.c" 
gcc -o ABM_GENERICO.exe "src\\ABM_GENERICO.o" "src\\Inputs.o" "src\\gen_Abm.o" 
d:/software/mingw/bin/../lib/gcc/mingw32/6.3.0/../../../../mingw32/bin/ld.exe: cannot open output file ABM_GENERICO.exe: Permission denied
collect2.exe: error: ld returned 1 exit status
01:35:13 **** Incremental Build of configuration Debug for project ABM_GENERICO ****
Info: Internal Builder is used for build
gcc -o ABM_GENERICO.exe "src\\ABM_GENERICO.o" "src\\Inputs.o" "src\\gen_Abm.o" 
Info: Nothing to build for ABM_GENERICO
01:36:51 **** Incremental Build of configuration Debug for project ABM_GENERICO ****
Info: Internal Builder is used for build
gcc -O0 -g3 -Wall -c -fmessage-length=0 -o "src\\gen_Abm.o" "..\\src\\gen_Abm.c" 
gcc -o ABM_GENERICO.exe "src\\ABM_GENERICO.o" "src\\Inputs.o" "src\\gen_Abm.o" 
Info: Nothing to build for ABM_GENERICO
